2021-09-20T00:57:01.9074070+05:30  [INF] Entity Framework Core "2.2.6-servicing-10079" initialized '"DPDBContext"' using provider '"Microsoft.EntityFrameworkCore.SqlServer"' with options: "None" (9958f5bb)
2021-09-20T00:57:04.6411133+05:30 80000004-0002-fe00-b63f-84710c7967bb [INF] Request starting HTTP/1.1 GET http://localhost:60281/api/values   (ca22a1cb)
2021-09-20T00:57:04.7955239+05:30 80000004-0002-fe00-b63f-84710c7967bb [WRN] Failed to determine the https port for redirect. (ca76cc21)
2021-09-20T00:57:05.0945845+05:30 80000004-0002-fe00-b63f-84710c7967bb [INF] Request finished in 449.4156ms 404  (791a596a)
2021-09-20T00:57:28.0260351+05:30 80000005-0002-fe00-b63f-84710c7967bb [INF] Request starting HTTP/1.1 GET http://localhost:60281/api/values   (ca22a1cb)
2021-09-20T00:57:28.0282554+05:30 80000005-0002-fe00-b63f-84710c7967bb [INF] Request finished in 2.1556ms 404  (791a596a)
2021-09-20T00:57:28.9609331+05:30 80000006-0002-fe00-b63f-84710c7967bb [INF] Request starting HTTP/1.1 GET http://localhost:60281/api/values   (ca22a1cb)
2021-09-20T00:57:28.9643382+05:30 80000006-0002-fe00-b63f-84710c7967bb [INF] Request finished in 3.4993ms 404  (791a596a)
2021-09-20T00:59:22.4407081+05:30 80000007-0002-fe00-b63f-84710c7967bb [INF] Request starting HTTP/1.1 GET http://localhost:60281/api/values   (ca22a1cb)
2021-09-20T00:59:22.4437268+05:30 80000007-0002-fe00-b63f-84710c7967bb [INF] Request finished in 3.0578ms 404  (791a596a)
2021-09-20T00:59:24.4686565+05:30 80000008-0002-fe00-b63f-84710c7967bb [INF] Request starting HTTP/1.1 GET http://localhost:60281/api/values   (ca22a1cb)
2021-09-20T00:59:24.4692512+05:30 80000008-0002-fe00-b63f-84710c7967bb [INF] Request finished in 0.6567ms 404  (791a596a)
2021-09-20T01:03:31.8610607+05:30  [INF] Entity Framework Core "2.2.6-servicing-10079" initialized '"DPDBContext"' using provider '"Microsoft.EntityFrameworkCore.SqlServer"' with options: "None" (9958f5bb)
2021-09-20T01:03:33.2935771+05:30 80000004-0000-fa00-b63f-84710c7967bb [INF] Request starting HTTP/1.1 GET http://localhost:60281/api/values   (ca22a1cb)
2021-09-20T01:03:33.3631867+05:30 80000004-0000-fa00-b63f-84710c7967bb [WRN] Failed to determine the https port for redirect. (ca76cc21)
2021-09-20T01:03:33.4812382+05:30 80000004-0000-fa00-b63f-84710c7967bb [INF] Request finished in 189.3275ms 404  (791a596a)
2021-09-20T01:14:37.6282995+05:30  [INF] Entity Framework Core "2.2.6-servicing-10079" initialized '"DPDBContext"' using provider '"Microsoft.EntityFrameworkCore.SqlServer"' with options: "None" (9958f5bb)
2021-09-20T01:14:38.1696169+05:30 80000002-0002-fd00-b63f-84710c7967bb [INF] Request starting HTTP/1.1 GET http://localhost:60281/api/values   (ca22a1cb)
2021-09-20T01:14:38.2186217+05:30 80000002-0002-fd00-b63f-84710c7967bb [WRN] Failed to determine the https port for redirect. (ca76cc21)
2021-09-20T01:14:38.2786629+05:30 80000002-0002-fd00-b63f-84710c7967bb [INF] Request finished in 111.1804ms 404  (791a596a)
2021-09-20T01:20:14.0422653+05:30  [INF] Entity Framework Core "2.2.6-servicing-10079" initialized '"DPDBContext"' using provider '"Microsoft.EntityFrameworkCore.SqlServer"' with options: "None" (9958f5bb)
2021-09-20T01:20:14.6346414+05:30 80000005-0003-fc00-b63f-84710c7967bb [INF] Request starting HTTP/1.1 GET http://localhost:60281/api/values   (ca22a1cb)
2021-09-20T01:20:14.6846676+05:30 80000005-0003-fc00-b63f-84710c7967bb [WRN] Failed to determine the https port for redirect. (ca76cc21)
2021-09-20T01:20:14.7530951+05:30 80000005-0003-fc00-b63f-84710c7967bb [INF] Request finished in 119.3421ms 404  (791a596a)
2021-09-20T01:25:41.3074838+05:30  [INF] Entity Framework Core "2.2.6-servicing-10079" initialized '"DPDBContext"' using provider '"Microsoft.EntityFrameworkCore.SqlServer"' with options: "None" (9958f5bb)
2021-09-20T01:25:41.8598161+05:30 80000007-0000-fa00-b63f-84710c7967bb [INF] Request starting HTTP/1.1 GET http://localhost:60281/api/values   (ca22a1cb)
2021-09-20T01:25:41.9134020+05:30 80000007-0000-fa00-b63f-84710c7967bb [WRN] Failed to determine the https port for redirect. (ca76cc21)
2021-09-20T01:25:42.0047897+05:30 80000007-0000-fa00-b63f-84710c7967bb [INF] Request finished in 145.3008ms 404  (791a596a)
2021-09-20T01:25:46.7919292+05:30 80000008-0000-fa00-b63f-84710c7967bb [INF] Request starting HTTP/1.1 GET http://localhost:60281/api/values   (ca22a1cb)
2021-09-20T01:25:46.7952187+05:30 80000008-0000-fa00-b63f-84710c7967bb [INF] Request finished in 3.1762ms 404  (791a596a)
2021-09-20T01:25:47.8479283+05:30 80000009-0000-fa00-b63f-84710c7967bb [INF] Request starting HTTP/1.1 GET http://localhost:60281/api/values   (ca22a1cb)
2021-09-20T01:25:47.8510214+05:30 80000009-0000-fa00-b63f-84710c7967bb [INF] Request finished in 3.7597ms 404  (791a596a)
2021-09-20T01:25:48.6789721+05:30 8000000a-0000-fa00-b63f-84710c7967bb [INF] Request starting HTTP/1.1 GET http://localhost:60281/api/values   (ca22a1cb)
2021-09-20T01:25:48.6795338+05:30 8000000a-0000-fa00-b63f-84710c7967bb [INF] Request finished in 0.7351ms 404  (791a596a)
2021-09-20T01:30:09.6826042+05:30  [INF] Entity Framework Core "2.2.6-servicing-10079" initialized '"DPDBContext"' using provider '"Microsoft.EntityFrameworkCore.SqlServer"' with options: "None" (9958f5bb)
2021-09-20T01:30:10.2634006+05:30 80000004-0000-fc00-b63f-84710c7967bb [INF] Request starting HTTP/1.1 GET http://localhost:60281/api/values   (ca22a1cb)
2021-09-20T01:30:10.3196901+05:30 80000004-0000-fc00-b63f-84710c7967bb [WRN] Failed to determine the https port for redirect. (ca76cc21)
2021-09-20T01:30:10.3918338+05:30 80000004-0000-fc00-b63f-84710c7967bb [INF] Executing endpoint '"DistributionPortal.Controllers.ValuesController.Get (DistributionPortal)"' (500cc934)
2021-09-20T01:30:10.5417127+05:30 80000004-0000-fc00-b63f-84710c7967bb [INF] Route matched with "{action = \"Get\", controller = \"Values\"}". Executing controller action with signature "Microsoft.AspNetCore.Mvc.ActionResult`1[System.Collections.Generic.IEnumerable`1[System.String]] Get()" on controller "DistributionPortal.Controllers.ValuesController" ("DistributionPortal"). (122b2fdf)
2021-09-20T01:30:10.5554614+05:30 80000004-0000-fc00-b63f-84710c7967bb [INF] Executing action method "DistributionPortal.Controllers.ValuesController.Get (DistributionPortal)" - Validation state: Valid (dad538d7)
2021-09-20T01:30:10.5721651+05:30 80000004-0000-fc00-b63f-84710c7967bb [INF] Executed action method "DistributionPortal.Controllers.ValuesController.Get (DistributionPortal)", returned result "Microsoft.AspNetCore.Mvc.ObjectResult" in 12.6938ms. (50a9e262)
2021-09-20T01:30:10.5820560+05:30 80000004-0000-fc00-b63f-84710c7967bb [INF] Executing ObjectResult, writing value of type '"System.String[]"'. (8a1b66c8)
2021-09-20T01:30:10.7928857+05:30 80000004-0000-fc00-b63f-84710c7967bb [INF] Executed action "DistributionPortal.Controllers.ValuesController.Get (DistributionPortal)" in 247.1393ms (afa2e885)
2021-09-20T01:30:10.7948120+05:30 80000004-0000-fc00-b63f-84710c7967bb [INF] Executed endpoint '"DistributionPortal.Controllers.ValuesController.Get (DistributionPortal)"' (99874f2b)
2021-09-20T01:30:10.7969549+05:30 80000004-0000-fc00-b63f-84710c7967bb [INF] Request finished in 534.3429ms 200 application/json; charset=utf-8 (791a596a)
2021-09-20T01:30:10.9398497+05:30 80000005-0000-fc00-b63f-84710c7967bb [INF] Request starting HTTP/1.1 GET http://localhost:60281/favicon.ico   (ca22a1cb)
2021-09-20T01:30:10.9434716+05:30 80000005-0000-fc00-b63f-84710c7967bb [INF] Request finished in 3.5816ms 404  (791a596a)
